<?xml version="1.0" encoding="UTF-8"?>
<testng-results ignored="0" total="8" passed="8" failed="0" skipped="0">
  <reporter-output>
  </reporter-output>
  <suite started-at="2022-01-17T18:09:59Z" name="Suite" finished-at="2022-01-17T18:13:49Z" duration-ms="230233">
    <groups>
      <group name="cucumber">
        <method signature="AbstractTestNGCucumberTests.runScenario(io.cucumber.testng.PickleWrapper, io.cucumber.testng.FeatureWrapper)[pri:0, instance:cucumberOptions.TestRunner@1984b1f]" name="runScenario" class="io.cucumber.testng.AbstractTestNGCucumberTests"/>
      </group> <!-- cucumber -->
    </groups>
    <test started-at="2022-01-17T18:09:59Z" name="Test" finished-at="2022-01-17T18:13:49Z" duration-ms="230233">
      <class name="cucumberOptions.TestRunner">
        <test-method is-config="true" signature="setUpClass(org.testng.ITestContext)[pri:0, instance:cucumberOptions.TestRunner@1984b1f]" started-at="2022-01-17T18:09:59Z" name="setUpClass" finished-at="2022-01-17T18:09:59Z" duration-ms="405" status="PASS">
          <params>
            <param index="0">
              <value>
                <![CDATA[org.testng.TestRunner@7d32e714]]>
              </value>
            </param>
          </params>
          <reporter-output>
          </reporter-output>
        </test-method> <!-- setUpClass -->
        <test-method signature="runScenario(io.cucumber.testng.PickleWrapper, io.cucumber.testng.FeatureWrapper)[pri:0, instance:cucumberOptions.TestRunner@1984b1f]" started-at="2022-01-17T18:09:59Z" name="runScenario" description="Runs Cucumber Scenarios" data-provider="scenarios" finished-at="2022-01-17T18:10:17Z" duration-ms="17751" status="PASS">
          <params>
            <param index="0">
              <value>
                <![CDATA["Registation"]]>
              </value>
            </param>
            <param index="1">
              <value>
                <![CDATA["Optional[Testing Savaari.com]"]]>
              </value>
            </param>
          </params>
          <reporter-output>
          </reporter-output>
        </test-method> <!-- runScenario -->
        <test-method signature="runScenario(io.cucumber.testng.PickleWrapper, io.cucumber.testng.FeatureWrapper)[pri:0, instance:cucumberOptions.TestRunner@1984b1f]" started-at="2022-01-17T18:10:17Z" name="runScenario" description="Runs Cucumber Scenarios" data-provider="scenarios" finished-at="2022-01-17T18:10:48Z" duration-ms="31413" status="PASS">
          <params>
            <param index="0">
              <value>
                <![CDATA["Positive test validating login"]]>
              </value>
            </param>
            <param index="1">
              <value>
                <![CDATA["Optional[Testing Savaari.com]"]]>
              </value>
            </param>
          </params>
          <reporter-output>
          </reporter-output>
        </test-method> <!-- runScenario -->
        <test-method signature="runScenario(io.cucumber.testng.PickleWrapper, io.cucumber.testng.FeatureWrapper)[pri:0, instance:cucumberOptions.TestRunner@1984b1f]" started-at="2022-01-17T18:10:48Z" name="runScenario" description="Runs Cucumber Scenarios" data-provider="scenarios" finished-at="2022-01-17T18:11:08Z" duration-ms="19455" status="PASS">
          <params>
            <param index="0">
              <value>
                <![CDATA["Car check for local"]]>
              </value>
            </param>
            <param index="1">
              <value>
                <![CDATA["Optional[Testing Savaari.com]"]]>
              </value>
            </param>
          </params>
          <reporter-output>
          </reporter-output>
        </test-method> <!-- runScenario -->
        <test-method signature="runScenario(io.cucumber.testng.PickleWrapper, io.cucumber.testng.FeatureWrapper)[pri:0, instance:cucumberOptions.TestRunner@1984b1f]" started-at="2022-01-17T18:11:08Z" name="runScenario" description="Runs Cucumber Scenarios" data-provider="scenarios" finished-at="2022-01-17T18:11:29Z" duration-ms="21001" status="PASS">
          <params>
            <param index="0">
              <value>
                <![CDATA["Manage Bookings"]]>
              </value>
            </param>
            <param index="1">
              <value>
                <![CDATA["Optional[Testing Savaari.com]"]]>
              </value>
            </param>
          </params>
          <reporter-output>
          </reporter-output>
        </test-method> <!-- runScenario -->
        <test-method signature="runScenario(io.cucumber.testng.PickleWrapper, io.cucumber.testng.FeatureWrapper)[pri:0, instance:cucumberOptions.TestRunner@1984b1f]" started-at="2022-01-17T18:11:29Z" name="runScenario" description="Runs Cucumber Scenarios" data-provider="scenarios" finished-at="2022-01-17T18:12:26Z" duration-ms="57293" status="PASS">
          <params>
            <param index="0">
              <value>
                <![CDATA["Account Update"]]>
              </value>
            </param>
            <param index="1">
              <value>
                <![CDATA["Optional[Testing Savaari.com]"]]>
              </value>
            </param>
          </params>
          <reporter-output>
          </reporter-output>
        </test-method> <!-- runScenario -->
        <test-method signature="runScenario(io.cucumber.testng.PickleWrapper, io.cucumber.testng.FeatureWrapper)[pri:0, instance:cucumberOptions.TestRunner@1984b1f]" started-at="2022-01-17T18:12:26Z" name="runScenario" description="Runs Cucumber Scenarios" data-provider="scenarios" finished-at="2022-01-17T18:12:54Z" duration-ms="28285" status="PASS">
          <params>
            <param index="0">
              <value>
                <![CDATA["Trip Advisor"]]>
              </value>
            </param>
            <param index="1">
              <value>
                <![CDATA["Optional[Testing Savaari.com]"]]>
              </value>
            </param>
          </params>
          <reporter-output>
          </reporter-output>
        </test-method> <!-- runScenario -->
        <test-method signature="runScenario(io.cucumber.testng.PickleWrapper, io.cucumber.testng.FeatureWrapper)[pri:0, instance:cucumberOptions.TestRunner@1984b1f]" started-at="2022-01-17T18:12:54Z" name="runScenario" description="Runs Cucumber Scenarios" data-provider="scenarios" finished-at="2022-01-17T18:13:18Z" duration-ms="23182" status="PASS">
          <params>
            <param index="0">
              <value>
                <![CDATA["App Download"]]>
              </value>
            </param>
            <param index="1">
              <value>
                <![CDATA["Optional[Testing Savaari.com]"]]>
              </value>
            </param>
          </params>
          <reporter-output>
          </reporter-output>
        </test-method> <!-- runScenario -->
        <test-method signature="runScenario(io.cucumber.testng.PickleWrapper, io.cucumber.testng.FeatureWrapper)[pri:0, instance:cucumberOptions.TestRunner@1984b1f]" started-at="2022-01-17T18:13:18Z" name="runScenario" description="Runs Cucumber Scenarios" data-provider="scenarios" finished-at="2022-01-17T18:13:49Z" duration-ms="31371" status="PASS">
          <params>
            <param index="0">
              <value>
                <![CDATA["User Log Out"]]>
              </value>
            </param>
            <param index="1">
              <value>
                <![CDATA["Optional[Testing Savaari.com]"]]>
              </value>
            </param>
          </params>
          <reporter-output>
          </reporter-output>
        </test-method> <!-- runScenario -->
        <test-method is-config="true" signature="tearDownClass()[pri:0, instance:cucumberOptions.TestRunner@1984b1f]" started-at="2022-01-17T18:13:49Z" name="tearDownClass" finished-at="2022-01-17T18:13:49Z" duration-ms="32" status="PASS">
          <reporter-output>
          </reporter-output>
        </test-method> <!-- tearDownClass -->
      </class> <!-- cucumberOptions.TestRunner -->
    </test> <!-- Test -->
  </suite> <!-- Suite -->
</testng-results>
